<?xml version="1.0" encoding="UTF-8"?>
<!-- Generated by org.testng.reporters.JUnitReportReporter -->
<testsuite name="com.qa.ninja.testcases.LoginPageTest" tests="1" time="11.450" ignored="0" failures="0" timestamp="05 Apr 2019 17:20:57 GMT" skipped="0" hostname="N-20L6PF1FATUS" errors="0">
  <testcase name="verifyLoginPage" time="11.450" classname="com.qa.ninja.testcases.LoginPageTest"/>
</testsuite> <!-- com.qa.ninja.testcases.LoginPageTest -->
